nohup: ignoring input

> bugkhoji-backend@1.0.0 dev
> nodemon src/index.ts

[33m[nodemon] 3.1.10[39m
[33m[nodemon] to restart at any time, enter `rs`[39m
[33m[nodemon] watching path(s): *.*[39m
[33m[nodemon] watching extensions: ts,json[39m
[32m[nodemon] starting `ts-node src/index.ts`[39m
node:events:495
      throw er; // Unhandled 'error' event
      ^

Error: EBADF: bad file descriptor, read
Emitted 'error' event on ReadStream instance at:
    at emitErrorNT (node:internal/streams/destroy:151:8)
    at errorOrDestroy (node:internal/streams/destroy:214:7)
    at node:internal/fs/streams:260:9
    at FSReqCallback.wrapper [as oncomplete] (node:fs:677:5) {
  errno: -9,
  code: 'EBADF',
  syscall: 'read'
}

Node.js v18.19.0
✅ Prisma connected to PostgreSQL successfully
2025-08-05 18:50:09:509 [32minfo[39m: [32m🚀 Prisma connected to PostgreSQL database[39m
Bugkhoj server is running at 4000
2025-08-05 18:50:11:5011 [32minfo[39m: [32m🚀 Bugkhoj server is running at http://localhost:4000[39m
Refresh token: eyJhbGciOiJIUzI1NiIsInR5cCI6IkpXVCJ9.eyJpZCI6ImNtZHdtMzM2OTAwMDFqbWE2YWprbzJhM2YiLCJ0eXBlIjoicmVmcmVzaCIsImlhdCI6MTc1NDM5ODM0MywiZXhwIjoxNzU1MDAzMTQzfQ.MigfXL2m25H_OHeceWmiRWmneHifwGM3GPty3W8Prik
Decoded token: {
  id: 'cmdwm33690001jma6ajko2a3f',
  type: 'refresh',
  iat: 1754398343,
  exp: 1755003143
}
No sessionId found in token, looking for existing session or creating new one
Refresh token: eyJhbGciOiJIUzI1NiIsInR5cCI6IkpXVCJ9.eyJpZCI6ImNtZHdtMzM2OTAwMDFqbWE2YWprbzJhM2YiLCJ0eXBlIjoicmVmcmVzaCIsImlhdCI6MTc1NDM5ODM0MywiZXhwIjoxNzU1MDAzMTQzfQ.MigfXL2m25H_OHeceWmiRWmneHifwGM3GPty3W8Prik
Decoded token: {
  id: 'cmdwm33690001jma6ajko2a3f',
  type: 'refresh',
  iat: 1754398343,
  exp: 1755003143
}
No sessionId found in token, looking for existing session or creating new one
Found existing session: cmdyj1nmf0003jmmsw1z43bo2
Using sessionId: cmdyj1nmf0003jmmsw1z43bo2
Skipping database verification for old token format
Found existing session: cmdyj1nmf0003jmmsw1z43bo2
Using sessionId: cmdyj1nmf0003jmmsw1z43bo2
Skipping database verification for old token format
2025-08-05 18:52:06:526 [32minfo[39m: [32mAudit log created - TOKEN_REFRESH by user cmdwm33690001jma6ajko2a3f[39m
2025-08-05 18:52:07:527 [32minfo[39m: [32mAudit log created - TOKEN_REFRESH by user cmdwm33690001jma6ajko2a3f[39m
Refresh token: eyJhbGciOiJIUzI1NiIsInR5cCI6IkpXVCJ9.eyJpZCI6ImNtZHdtMzM2OTAwMDFqbWE2YWprbzJhM2YiLCJ0eXBlIjoicmVmcmVzaCIsImlhdCI6MTc1NDM5OTIyNCwiZXhwIjoxNzU1MDA0MDI0fQ.7h4hueutuavbT6sEh6vPdHctaFPMxLPVCKDaQyIxQtg
Decoded token: {
  id: 'cmdwm33690001jma6ajko2a3f',
  type: 'refresh',
  iat: 1754399224,
  exp: 1755004024
}
No sessionId found in token, looking for existing session or creating new one
Found existing session: cmdyj1nmf0003jmmsw1z43bo2
Using sessionId: cmdyj1nmf0003jmmsw1z43bo2
Skipping database verification for old token format
2025-08-05 18:57:21:5721 [32minfo[39m: [32mAudit log created - TOKEN_REFRESH by user cmdwm33690001jma6ajko2a3f[39m
🔄 Shutting down gracefully...
2025-08-05 19:26:47:2647 [32minfo[39m: [32mDatabase connection closed[39m
✅ Database connection closed
2025-08-05 19:26:47:2647 [32minfo[39m: [32mDatabase connection closed[39m
